# JRE version: Java(TM) SE Runtime Environment (8.0_161-b12) (build 1.8.0_161-b12)
# Java VM: Java HotSpot(TM) 64-Bit Server VM (25.161-b12 mixed mode windows-amd64 compressed oops)
Heap:
 PSYoungGen      total 66560K, used 7935K [0x00000000eb100000, 0x00000000f1500000, 0x0000000100000000)
  eden space 58368K, 13% used [0x00000000eb100000,0x00000000eb8bfff0,0x00000000eea00000)
  from space 8192K, 0% used [0x00000000eea00000,0x00000000eea00000,0x00000000ef200000)
  to   space 8192K, 0% used [0x00000000f0d00000,0x00000000f0d00000,0x00000000f1500000)
 ParOldGen       total 47104K, used 14335K [0x00000000c1200000, 0x00000000c4000000, 0x00000000eb100000)
  object space 47104K, 30% used [0x00000000c1200000,0x00000000c1ffff98,0x00000000c4000000)
 Metaspace       used 35170K, capacity 36170K, committed 36568K, reserved 1081344K
  class space    used 5048K, capacity 5296K, committed 5336K, reserved 1048576K
GC Heap History (10 events):
Event: 10.621 GC heap before
{Heap before GC invocations=7 (full 1):
 PSYoungGen      total 39936K, used 4631K [0x00000000eb100000, 0x00000000edf00000, 0x0000000100000000)
  eden space 32768K, 0% used [0x00000000eb100000,0x00000000eb100000,0x00000000ed100000)
  from space 7168K, 64% used [0x00000000ed800000,0x00000000edc85f88,0x00000000edf00000)
  to   space 7168K, 0% used [0x00000000ed100000,0x00000000ed100000,0x00000000ed800000)
 ParOldGen       total 44032K, used 6591K [0x00000000c1200000, 0x00000000c3d00000, 0x00000000eb100000)
  object space 44032K, 14% used [0x00000000c1200000,0x00000000c186fe68,0x00000000c3d00000)
 Metaspace       used 20224K, capacity 21118K, committed 21248K, reserved 1067008K
  class space    used 2987K, capacity 3214K, committed 3328K, reserved 1048576K
Event: 10.688 GC heap after
Heap after GC invocations=7 (full 1):
 PSYoungGen      total 39936K, used 0K [0x00000000eb100000, 0x00000000edf00000, 0x0000000100000000)
  eden space 32768K, 0% used [0x00000000eb100000,0x00000000eb100000,0x00000000ed100000)
  from space 7168K, 0% used [0x00000000ed800000,0x00000000ed800000,0x00000000edf00000)
  to   space 7168K, 0% used [0x00000000ed100000,0x00000000ed100000,0x00000000ed800000)
 ParOldGen       total 34304K, used 10555K [0x00000000c1200000, 0x00000000c3380000, 0x00000000eb100000)
  object space 34304K, 30% used [0x00000000c1200000,0x00000000c1c4efc8,0x00000000c3380000)
 Metaspace       used 20224K, capacity 21118K, committed 21248K, reserved 1067008K
  class space    used 2987K, capacity 3214K, committed 3328K, reserved 1048576K
}
Event: 11.914 GC heap before
{Heap before GC invocations=8 (full 1):
 PSYoungGen      total 39936K, used 32768K [0x00000000eb100000, 0x00000000edf00000, 0x0000000100000000)
  eden space 32768K, 100% used [0x00000000eb100000,0x00000000ed100000,0x00000000ed100000)
  from space 7168K, 0% used [0x00000000ed800000,0x00000000ed800000,0x00000000edf00000)
  to   space 7168K, 0% used [0x00000000ed100000,0x00000000ed100000,0x00000000ed800000)
 ParOldGen       total 34304K, used 10555K [0x00000000c1200000, 0x00000000c3380000, 0x00000000eb100000)
  object space 34304K, 30% used [0x00000000c1200000,0x00000000c1c4efc8,0x00000000c3380000)
 Metaspace       used 27910K, capacity 28918K, committed 29184K, reserved 1075200K
  class space    used 4067K, capacity 4290K, committed 4352K, reserved 1048576K
Event: 11.922 GC heap after
Heap after GC invocations=8 (full 1):
 PSYoungGen      total 39936K, used 4938K [0x00000000eb100000, 0x00000000ef900000, 0x0000000100000000)
  eden space 32768K, 0% used [0x00000000eb100000,0x00000000eb100000,0x00000000ed100000)
  from space 7168K, 68% used [0x00000000ed100000,0x00000000ed5d2988,0x00000000ed800000)
  to   space 7168K, 0% used [0x00000000ef200000,0x00000000ef200000,0x00000000ef900000)
 ParOldGen       total 34304K, used 10563K [0x00000000c1200000, 0x00000000c3380000, 0x00000000eb100000)
  object space 34304K, 30% used [0x00000000c1200000,0x00000000c1c50fc8,0x00000000c3380000)
 Metaspace       used 27910K, capacity 28918K, committed 29184K, reserved 1075200K
  class space    used 4067K, capacity 4290K, committed 4352K, reserved 1048576K
}
Event: 12.839 GC heap before
{Heap before GC invocations=9 (full 1):
 PSYoungGen      total 39936K, used 37706K [0x00000000eb100000, 0x00000000ef900000, 0x0000000100000000)
  eden space 32768K, 100% used [0x00000000eb100000,0x00000000ed100000,0x00000000ed100000)
  from space 7168K, 68% used [0x00000000ed100000,0x00000000ed5d2988,0x00000000ed800000)
  to   space 7168K, 0% used [0x00000000ef200000,0x00000000ef200000,0x00000000ef900000)
 ParOldGen       total 34304K, used 10563K [0x00000000c1200000, 0x00000000c3380000, 0x00000000eb100000)
  object space 34304K, 30% used [0x00000000c1200000,0x00000000c1c50fc8,0x00000000c3380000)
 Metaspace       used 32490K, capacity 33482K, committed 33920K, reserved 1079296K
  class space    used 4657K, capacity 4870K, committed 4992K, reserved 1048576K
Event: 12.851 GC heap after
Heap after GC invocations=9 (full 1):
 PSYoungGen      total 65536K, used 6751K [0x00000000eb100000, 0x00000000efa80000, 0x0000000100000000)
  eden space 58368K, 0% used [0x00000000eb100000,0x00000000eb100000,0x00000000eea00000)
  from space 7168K, 94% used [0x00000000ef200000,0x00000000ef897d20,0x00000000ef900000)
  to   space 8192K, 0% used [0x00000000eea00000,0x00000000eea00000,0x00000000ef200000)
 ParOldGen       total 34304K, used 10571K [0x00000000c1200000, 0x00000000c3380000, 0x00000000eb100000)
  object space 34304K, 30% used [0x00000000c1200000,0x00000000c1c52fc8,0x00000000c3380000)
 Metaspace       used 32490K, capacity 33482K, committed 33920K, reserved 1079296K
  class space    used 4657K, capacity 4870K, committed 4992K, reserved 1048576K
}
Event: 13.350 GC heap before
{Heap before GC invocations=10 (full 1):
 PSYoungGen      total 65536K, used 24867K [0x00000000eb100000, 0x00000000efa80000, 0x0000000100000000)
  eden space 58368K, 31% used [0x00000000eb100000,0x00000000ec2b1060,0x00000000eea00000)
  from space 7168K, 94% used [0x00000000ef200000,0x00000000ef897d20,0x00000000ef900000)
  to   space 8192K, 0% used [0x00000000eea00000,0x00000000eea00000,0x00000000ef200000)
 ParOldGen       total 34304K, used 10571K [0x00000000c1200000, 0x00000000c3380000, 0x00000000eb100000)
  object space 34304K, 30% used [0x00000000c1200000,0x00000000c1c52fc8,0x00000000c3380000)
 Metaspace       used 34251K, capacity 35192K, committed 35416K, reserved 1079296K
  class space    used 4934K, capacity 5163K, committed 5208K, reserved 1048576K
Event: 13.360 GC heap after
Heap after GC invocations=10 (full 1):
 PSYoungGen      total 66560K, used 5694K [0x00000000eb100000, 0x00000000f1500000, 0x0000000100000000)
  eden space 58368K, 0% used [0x00000000eb100000,0x00000000eb100000,0x00000000eea00000)
  from space 8192K, 69% used [0x00000000eea00000,0x00000000eef8fa08,0x00000000ef200000)
  to   space 8192K, 0% used [0x00000000f0d00000,0x00000000f0d00000,0x00000000f1500000)
 ParOldGen       total 34304K, used 10579K [0x00000000c1200000, 0x00000000c3380000, 0x00000000eb100000)
  object space 34304K, 30% used [0x00000000c1200000,0x00000000c1c54fc8,0x00000000c3380000)
 Metaspace       used 34251K, capacity 35192K, committed 35416K, reserved 1079296K
  class space    used 4934K, capacity 5163K, committed 5208K, reserved 1048576K
}
Event: 13.361 GC heap before
{Heap before GC invocations=11 (full 2):
 PSYoungGen      total 66560K, used 5694K [0x00000000eb100000, 0x00000000f1500000, 0x0000000100000000)
  eden space 58368K, 0% used [0x00000000eb100000,0x00000000eb100000,0x00000000eea00000)
  from space 8192K, 69% used [0x00000000eea00000,0x00000000eef8fa08,0x00000000ef200000)
  to   space 8192K, 0% used [0x00000000f0d00000,0x00000000f0d00000,0x00000000f1500000)
 ParOldGen       total 34304K, used 10579K [0x00000000c1200000, 0x00000000c3380000, 0x00000000eb100000)
  object space 34304K, 30% used [0x00000000c1200000,0x00000000c1c54fc8,0x00000000c3380000)
 Metaspace       used 34251K, capacity 35192K, committed 35416K, reserved 1079296K
  class space    used 4934K, capacity 5163K, committed 5208K, reserved 1048576K
Event: 13.456 GC heap after
Heap after GC invocations=11 (full 2):
 PSYoungGen      total 66560K, used 0K [0x00000000eb100000, 0x00000000f1500000, 0x0000000100000000)
  eden space 58368K, 0% used [0x00000000eb100000,0x00000000eb100000,0x00000000eea00000)
  from space 8192K, 0% used [0x00000000eea00000,0x00000000eea00000,0x00000000ef200000)
  to   space 8192K, 0% used [0x00000000f0d00000,0x00000000f0d00000,0x00000000f1500000)
 ParOldGen       total 47104K, used 14335K [0x00000000c1200000, 0x00000000c4000000, 0x00000000eb100000)
  object space 47104K, 30% used [0x00000000c1200000,0x00000000c1ffff98,0x00000000c4000000)
 Metaspace       used 34251K, capacity 35192K, committed 35416K, reserved 1079296K
  class space    used 4934K, capacity 5163K, committed 5208K, reserved 1048576K
}

